Arguments: 
  C:\Program Files\nodejs\node.exe C:\Program Files (x86)\Yarn\bin\yarn.js test

PATH: 
  C:\Program Files (x86)\Common Files\Oracle\Java\javapath;C:\WINDOWS\system32;C:\WINDOWS;C:\WINDOWS\System32\Wbem;C:\WINDOWS\System32\WindowsPowerShell\v1.0\;C:\WINDOWS\System32\OpenSSH\;C:\Program Files\Java\jdk1.8.0_181\bin;C:\Program Files\Git\cmd;C:\Program Files (x86)\Yarn\bin\;C:\ProgramData\chocolatey\bin;C:\Program Files\nodejs\;D:\Program Files\Android\Sdk\platform-tools;;C:\Program Files\Docker\Docker\resources\bin;C:\ProgramData\DockerDesktop\version-bin;C:\xampp\php;C:\ProgramData\ComposerSetup\bin;C:\Program Files\MySQL\MySQL Shell 8.0\bin\;C:\Users\chris\AppData\Local\Microsoft\WindowsApps;C:\Program Files\Java\jdk1.8.0_191\bin;C:\Users\chris\AppData\Local\Programs\Microsoft VS Code\bin;C:\MinGW\bin;C:\Users\chris\AppData\Local\Yarn\bin;C:\Modeltech_pe_edu_10.4a\win32pe_edu;C:\Users\chris\AppData\Roaming\npm;;C:\Users\chris\AppData\Local\Microsoft\WindowsApps;D:\Program Files\heroku\bin;C:\Users\chris\AppData\Roaming\Composer\vendor\bin

Yarn version: 
  1.16.0

Node version: 
  13.5.0

Platform: 
  win32 x64

Trace: 
  SyntaxError: C:\Users\chris\Desktop\moblize\package.json: Unexpected token } in JSON at position 340
      at JSON.parse (<anonymous>)
      at C:\Program Files (x86)\Yarn\lib\cli.js:1625:59
      at Generator.next (<anonymous>)
      at step (C:\Program Files (x86)\Yarn\lib\cli.js:304:30)
      at C:\Program Files (x86)\Yarn\lib\cli.js:315:13

npm manifest: 
  {
    "name": "api-moblize",
    "version": "1.0.0",
    "description": "API for technical test",
    "main": "server.js",
    "scripts": {
      "start": "ts-node-dev src/server.ts --ignore __tests__",
      "migrate": "knex migrate:latest",
      "unmigrate": "knex migrate:rollback",
      "seed": "knex seed:run",
      "test": "SET NODE_ENV=test jest",
    },
    "author": "Christopher Moura",
    "license": "ISC",
    "devDependencies": {
      "@types/express": "^4.17.6",
      "@types/node": "^14.0.13",
      "@types/yup": "^0.29.2",
      "jest": "^26.0.1",
      "nodemon": "^2.0.4",
      "supertest": "^4.0.2",
      "ts-node": "^8.10.2",
      "ts-node-dev": "^1.0.0-pre.44",
      "tslint": "^6.1.2",
      "typescript": "^3.9.5"
    },
    "dependencies": {
      "axios": "^0.19.2",
      "bcrypt": "^5.0.0",
      "cors": "^2.8.5",
      "dotenv": "^8.2.0",
      "express": "^4.17.1",
      "helmet": "^3.22.0",
      "jsonwebtoken": "^8.5.1",
      "knex": "^0.21.1",
      "moment": "^2.26.0",
      "pg": "^8.2.1",
      "yup": "^0.29.1"
    }
  }

yarn manifest: 
  No manifest

Lockfile: 
  No lockfile
